[2023-08-03 00:13:23.978] [WARN ] [HikariPool-1 housekeeper] com.zaxxer.hikari.pool.HikariPool HikariPool-1 - Thread starvation or clock leap detected (housekeeper delta=1m30s723ms543µs600ns).
[2023-08-03 00:24:12.096] [INFO ] [SpringApplicationShutdownHook] org.springframework.orm.jpa.LocalContainerEntityManagerFactoryBean Closing JPA EntityManagerFactory for persistence unit 'default'
[2023-08-03 00:24:12.098] [INFO ] [SpringApplicationShutdownHook] com.zaxxer.hikari.HikariDataSource HikariPool-1 - Shutdown initiated...
[2023-08-03 00:24:12.103] [INFO ] [SpringApplicationShutdownHook] com.zaxxer.hikari.HikariDataSource HikariPool-1 - Shutdown completed.
[2023-08-03 00:50:44.960] [INFO ] [background-preinit] org.hibernate.validator.internal.util.Version HV000001: Hibernate Validator 8.0.0.Final
[2023-08-03 00:50:44.994] [INFO ] [main] com.todis.todisweb.TodisWebApplication Starting TodisWebApplication using Java 17.0.7 with PID 11448 (C:\Users\927km\git\Todis_Server\todis-web\todis-web\build\classes\java\main started by 927km in C:\Users\927km\git\Todis_Server\todis-web\todis-web)
[2023-08-03 00:50:44.995] [INFO ] [main] com.todis.todisweb.TodisWebApplication No active profile set, falling back to 1 default profile: "default"
[2023-08-03 00:50:45.546] [INFO ] [main] org.springframework.data.repository.config.RepositoryConfigurationDelegate Bootstrapping Spring Data JPA repositories in DEFAULT mode.
[2023-08-03 00:50:45.591] [INFO ] [main] org.springframework.data.repository.config.RepositoryConfigurationDelegate Finished Spring Data repository scanning in 40 ms. Found 3 JPA repository interfaces.
[2023-08-03 00:50:45.919] [INFO ] [main] org.springframework.boot.web.embedded.tomcat.TomcatWebServer Tomcat initialized with port(s): 8080 (http)
[2023-08-03 00:50:45.924] [INFO ] [main] org.apache.coyote.http11.Http11NioProtocol Initializing ProtocolHandler ["http-nio-8080"]
[2023-08-03 00:50:45.925] [INFO ] [main] org.apache.catalina.core.StandardService Starting service [Tomcat]
[2023-08-03 00:50:45.925] [INFO ] [main] org.apache.catalina.core.StandardEngine Starting Servlet engine: [Apache Tomcat/10.1.10]
[2023-08-03 00:50:45.988] [INFO ] [main] org.apache.catalina.core.ContainerBase.[Tomcat].[localhost].[/] Initializing Spring embedded WebApplicationContext
[2023-08-03 00:50:45.988] [INFO ] [main] org.springframework.boot.web.servlet.context.ServletWebServerApplicationContext Root WebApplicationContext: initialization completed in 963 ms
[2023-08-03 00:50:46.079] [INFO ] [main] org.hibernate.jpa.internal.util.LogHelper HHH000204: Processing PersistenceUnitInfo [name: default]
[2023-08-03 00:50:46.108] [INFO ] [main] org.hibernate.Version HHH000412: Hibernate ORM core version 6.2.5.Final
[2023-08-03 00:50:46.109] [INFO ] [main] org.hibernate.cfg.Environment HHH000406: Using bytecode reflection optimizer
[2023-08-03 00:50:46.211] [INFO ] [main] org.hibernate.bytecode.internal.BytecodeProviderInitiator HHH000021: Bytecode provider name : bytebuddy
[2023-08-03 00:50:46.306] [INFO ] [main] org.springframework.orm.jpa.persistenceunit.SpringPersistenceUnitInfo No LoadTimeWeaver setup: ignoring JPA class transformer
[2023-08-03 00:50:46.320] [INFO ] [main] com.zaxxer.hikari.HikariDataSource HikariPool-1 - Starting...
[2023-08-03 00:50:46.495] [INFO ] [main] com.zaxxer.hikari.pool.HikariPool HikariPool-1 - Added connection com.mysql.cj.jdbc.ConnectionImpl@37f41a81
[2023-08-03 00:50:46.498] [INFO ] [main] com.zaxxer.hikari.HikariDataSource HikariPool-1 - Start completed.
[2023-08-03 00:50:46.652] [INFO ] [main] org.hibernate.bytecode.internal.BytecodeProviderInitiator HHH000021: Bytecode provider name : bytebuddy
[2023-08-03 00:50:47.198] [INFO ] [main] org.hibernate.engine.transaction.jta.platform.internal.JtaPlatformInitiator HHH000490: Using JtaPlatform implementation: [org.hibernate.engine.transaction.jta.platform.internal.NoJtaPlatform]
[2023-08-03 00:50:47.269] [INFO ] [main] org.springframework.orm.jpa.LocalContainerEntityManagerFactoryBean Initialized JPA EntityManagerFactory for persistence unit 'default'
[2023-08-03 00:50:47.430] [INFO ] [main] org.springframework.data.jpa.repository.query.QueryEnhancerFactory Hibernate is in classpath; If applicable, HQL parser will be used.
[2023-08-03 00:50:47.842] [WARN ] [main] org.springframework.boot.autoconfigure.orm.jpa.JpaBaseConfiguration$JpaWebConfiguration spring.jpa.open-in-view is enabled by default. Therefore, database queries may be performed during view rendering. Explicitly configure spring.jpa.open-in-view to disable this warning
[2023-08-03 00:50:47.852] [WARN ] [main] org.springframework.boot.autoconfigure.security.servlet.UserDetailsServiceAutoConfiguration 

Using generated security password: cac35a92-874d-4ac8-89ee-950b09a37bba

This generated password is for development use only. Your security configuration must be updated before running your application in production.

[2023-08-03 00:50:47.910] [INFO ] [main] org.springframework.boot.autoconfigure.web.servlet.WelcomePageHandlerMapping Adding welcome page: class path resource [static/index.html]
[2023-08-03 00:50:48.019] [INFO ] [main] org.springframework.security.web.DefaultSecurityFilterChain Will secure any request with [org.springframework.security.web.session.DisableEncodeUrlFilter@64514009, org.springframework.security.web.context.request.async.WebAsyncManagerIntegrationFilter@40b2aae9, org.springframework.security.web.context.SecurityContextHolderFilter@18f7a872, org.springframework.security.web.header.HeaderWriterFilter@1dd17c0c, org.springframework.security.web.authentication.logout.LogoutFilter@7c5dbca5, com.todis.todisweb.demo.security.JwtFilter@2132629e, org.springframework.security.web.savedrequest.RequestCacheAwareFilter@648100de, org.springframework.security.web.servletapi.SecurityContextHolderAwareRequestFilter@382e7f70, org.springframework.security.web.authentication.AnonymousAuthenticationFilter@5ec80bbd, org.springframework.security.web.session.SessionManagementFilter@3df88502, org.springframework.security.web.access.ExceptionTranslationFilter@7ec9d826, org.springframework.security.web.access.intercept.AuthorizationFilter@6f0969db]
[2023-08-03 00:50:48.211] [INFO ] [main] org.apache.coyote.http11.Http11NioProtocol Starting ProtocolHandler ["http-nio-8080"]
[2023-08-03 00:50:48.224] [INFO ] [main] org.springframework.boot.web.embedded.tomcat.TomcatWebServer Tomcat started on port(s): 8080 (http) with context path ''
[2023-08-03 00:50:48.229] [INFO ] [main] com.todis.todisweb.TodisWebApplication Started TodisWebApplication in 3.57 seconds (process running for 3.985)
[2023-08-03 00:50:51.928] [INFO ] [http-nio-8080-exec-1] org.apache.catalina.core.ContainerBase.[Tomcat].[localhost].[/] Initializing Spring DispatcherServlet 'dispatcherServlet'
[2023-08-03 00:50:51.929] [INFO ] [http-nio-8080-exec-1] org.springframework.web.servlet.DispatcherServlet Initializing Servlet 'dispatcherServlet'
[2023-08-03 00:50:51.930] [INFO ] [http-nio-8080-exec-1] org.springframework.web.servlet.DispatcherServlet Completed initialization in 0 ms
[2023-08-03 00:50:51.939] [ERROR] [http-nio-8080-exec-1] com.todis.todisweb.demo.security.JwtFilter 인증정보가 없습니다.
[2023-08-03 00:50:52.019] [ERROR] [http-nio-8080-exec-8] com.todis.todisweb.demo.security.JwtFilter 인증정보가 없습니다.
[2023-08-03 00:50:52.050] [ERROR] [http-nio-8080-exec-9] com.todis.todisweb.demo.security.JwtFilter 인증정보가 없습니다.
[2023-08-03 00:50:52.267] [INFO ] [http-nio-8080-exec-9] org.springdoc.api.AbstractOpenApiResource Init duration for springdoc-openapi is: 209 ms
[2023-08-03 00:51:14.992] [ERROR] [http-nio-8080-exec-4] com.todis.todisweb.demo.security.JwtFilter 인증정보가 없습니다.
[2023-08-03 00:53:36.268] [INFO ] [SpringApplicationShutdownHook] org.springframework.orm.jpa.LocalContainerEntityManagerFactoryBean Closing JPA EntityManagerFactory for persistence unit 'default'
[2023-08-03 00:53:36.269] [INFO ] [SpringApplicationShutdownHook] com.zaxxer.hikari.HikariDataSource HikariPool-1 - Shutdown initiated...
[2023-08-03 00:53:36.274] [INFO ] [SpringApplicationShutdownHook] com.zaxxer.hikari.HikariDataSource HikariPool-1 - Shutdown completed.
